<?xml version="1.0" encoding="UTF-8"?>
<testsuite name="com.revature.service.ClientServiceTest" tests="16" skipped="0" failures="0" errors="0" timestamp="2022-03-15T21:24:04" hostname="DESKTOP-RVLR18L" time="0.372">
  <properties/>
  <testcase name="testUpdateClient_NoLettersCharactersOnFirst_And_Lastname()" classname="com.revature.service.ClientServiceTest" time="0.352"/>
  <testcase name="testDeleteClientById()" classname="com.revature.service.ClientServiceTest" time="0.004"/>
  <testcase name="testAddClient_NoLettersCharactersOnFirst_And_Lastname()" classname="com.revature.service.ClientServiceTest" time="0.001"/>
  <testcase name="testGetStudentById_incorrectId()" classname="com.revature.service.ClientServiceTest" time="0.001"/>
  <testcase name="testAddClient_NoNumbersOn_Phone_number()" classname="com.revature.service.ClientServiceTest" time="0.001"/>
  <testcase name="testAddClient_Trim_positive()" classname="com.revature.service.ClientServiceTest" time="0.0"/>
  <testcase name="testGetAllClients()" classname="com.revature.service.ClientServiceTest" time="0.001"/>
  <testcase name="testUpdateClient_Trim_positive()" classname="com.revature.service.ClientServiceTest" time="0.001"/>
  <testcase name="testUpdateClient_positive()" classname="com.revature.service.ClientServiceTest" time="0.001"/>
  <testcase name="testUpdateClient_AgeLowerThan_zero()" classname="com.revature.service.ClientServiceTest" time="0.001"/>
  <testcase name="testGetStudentById()" classname="com.revature.service.ClientServiceTest" time="0.001"/>
  <testcase name="testGetStudentById_SQLException()" classname="com.revature.service.ClientServiceTest" time="0.002"/>
  <testcase name="testUpdateClient_NoNumbersOn_Phone_number()" classname="com.revature.service.ClientServiceTest" time="0.001"/>
  <testcase name="testAddClient_positive()" classname="com.revature.service.ClientServiceTest" time="0.001"/>
  <testcase name="testGetStudentById_notExistentId()" classname="com.revature.service.ClientServiceTest" time="0.001"/>
  <testcase name="testAddClient_AgeLowerThan_zero()" classname="com.revature.service.ClientServiceTest" time="0.0"/>
  <system-out><![CDATA[15 03 2022 - 14:24:04.505 [Test worker] INFO  com.revature.service.ClientService - Service layer - add the clientClient{id=1, firstName='Name147', lastName='hello547', age=55, phoneNumber='4781561235'}
15 03 2022 - 14:24:04.508 [Test worker] WARN  com.revature.service.ClientService - Service layer - the client to have a firstname or lastname with no alphabet letters. Firstname: Name147 Lastname: hello547
15 03 2022 - 14:24:04.514 [Test worker] INFO  com.revature.service.ClientService - Service layer - delete the client with id: 1
15 03 2022 - 14:24:04.516 [Test worker] INFO  com.revature.service.ClientService - Service layer - Successful delete of the client with id: 1
15 03 2022 - 14:24:04.518 [Test worker] INFO  com.revature.service.ClientService - Service layer - add the clientClient{id=0, firstName='Name147', lastName='hello547', age=55, phoneNumber='4781561235'}
15 03 2022 - 14:24:04.518 [Test worker] WARN  com.revature.service.ClientService - Service layer - the client to have a firstname or lastname with no alphabet letters. Firstname: Name147 Lastname: hello547
15 03 2022 - 14:24:04.519 [Test worker] INFO  com.revature.service.ClientService - Service layer to get the client with id: aaa
15 03 2022 - 14:24:04.519 [Test worker] WARN  com.revature.service.ClientService - Service layer - the client id: aaa is invalid
15 03 2022 - 14:24:04.520 [Test worker] INFO  com.revature.service.ClientService - Service layer - add the clientClient{id=0, firstName='name', lastName='hello', age=55, phoneNumber='abc147584'}
15 03 2022 - 14:24:04.520 [Test worker] WARN  com.revature.service.ClientService - Service layer - The phone number provided have values different than numbers. Phone number: abc147584
15 03 2022 - 14:24:04.521 [Test worker] INFO  com.revature.service.ClientService - Service layer - add the clientClient{id=0, firstName='  test  ', lastName='  client  ', age=44, phoneNumber='  1478523699  '}
15 03 2022 - 14:24:04.522 [Test worker] INFO  com.revature.service.ClientService - Service layer - get all the clients
15 03 2022 - 14:24:04.523 [Test worker] INFO  com.revature.service.ClientService - Service layer to update the client with id: 1
15 03 2022 - 14:24:04.523 [Test worker] INFO  com.revature.service.ClientService - Service layer - Successful return of the client with id: 1
15 03 2022 - 14:24:04.524 [Test worker] INFO  com.revature.service.ClientService - Service layer to update the client with id: 1
15 03 2022 - 14:24:04.524 [Test worker] INFO  com.revature.service.ClientService - Service layer - Successful return of the client with id: 1
15 03 2022 - 14:24:04.525 [Test worker] INFO  com.revature.service.ClientService - Service layer - add the clientClient{id=1, firstName='Name', lastName='hello', age=55, phoneNumber='abc324234'}
15 03 2022 - 14:24:04.526 [Test worker] WARN  com.revature.service.ClientService - Service layer - The phone number provided have values different than numbers. Phone number: abc324234
15 03 2022 - 14:24:04.526 [Test worker] INFO  com.revature.service.ClientService - Service layer to get the client with id: 1
15 03 2022 - 14:24:04.527 [Test worker] INFO  com.revature.service.ClientService - Service layer - Successful return of the client with id: 1
15 03 2022 - 14:24:04.528 [Test worker] INFO  com.revature.service.ClientService - Service layer to get the client with id: 10
15 03 2022 - 14:24:04.530 [Test worker] INFO  com.revature.service.ClientService - Service layer - add the clientClient{id=1, firstName='Name', lastName='hello', age=55, phoneNumber='abc324234'}
15 03 2022 - 14:24:04.530 [Test worker] WARN  com.revature.service.ClientService - Service layer - The phone number provided have values different than numbers. Phone number: abc324234
15 03 2022 - 14:24:04.531 [Test worker] INFO  com.revature.service.ClientService - Service layer - add the clientClient{id=0, firstName='test', lastName='client', age=44, phoneNumber='1478523699'}
15 03 2022 - 14:24:04.532 [Test worker] INFO  com.revature.service.ClientService - Service layer to get the client with id: 100
15 03 2022 - 14:24:04.532 [Test worker] WARN  com.revature.service.ClientService - Service layer - the client with id: 100 doesn't exist
15 03 2022 - 14:24:04.533 [Test worker] INFO  com.revature.service.ClientService - Service layer - add the clientClient{id=0, firstName='name', lastName='hello', age=-2, phoneNumber='1234567897'}
]]></system-out>
  <system-err><![CDATA[]]></system-err>
</testsuite>
